<?xml version="1.0" encoding="UTF-8"?>
<testng-results ignored="0" total="1" passed="1" failed="0" skipped="0">
  <reporter-output>
  </reporter-output>
  <suite started-at="2022-03-31T17:09:37 AEDT" name="Default suite" finished-at="2022-03-31T17:09:50 AEDT" duration-ms="13423">
    <groups>
    </groups>
    <test started-at="2022-03-31T17:09:37 AEDT" name="Default test" finished-at="2022-03-31T17:09:50 AEDT" duration-ms="13423">
      <class name="test.Test1">
        <test-method is-config="true" signature="AtBefore()[pri:0, instance:test.Test1@419c5f1a]" started-at="2022-03-31T17:09:37 AEDT" name="AtBefore" finished-at="2022-03-31T17:09:44 AEDT" duration-ms="7206" status="PASS">
          <reporter-output>
          </reporter-output>
        </test-method> <!-- AtBefore -->
        <test-method signature="atTest()[pri:0, instance:test.Test1@419c5f1a]" started-at="2022-03-31T17:09:44 AEDT" name="atTest" finished-at="2022-03-31T17:09:50 AEDT" duration-ms="6153" status="PASS">
          <reporter-output>
          </reporter-output>
        </test-method> <!-- atTest -->
      </class> <!-- test.Test1 -->
    </test> <!-- Default test -->
  </suite> <!-- Default suite -->
</testng-results>
